# JRE version: OpenJDK Runtime Environment (8.0_112-b06) (build 1.8.0_112-release-b06)
# Java VM: OpenJDK 64-Bit Server VM (25.112-b06 mixed mode windows-amd64 compressed oops)
Heap:
 PSYoungGen      total 302592K, used 97352K [0x00000000eab00000, 0x00000000fff80000, 0x0000000100000000)
  eden space 259072K, 33% used [0x00000000eab00000,0x00000000f0010028,0x00000000fa800000)
  from space 43520K, 23% used [0x00000000fd300000,0x00000000fdd02080,0x00000000ffd80000)
  to   space 44032K, 0% used [0x00000000fa800000,0x00000000fa800000,0x00000000fd300000)
 ParOldGen       total 141824K, used 71256K [0x00000000c0000000, 0x00000000c8a80000, 0x00000000eab00000)
  object space 141824K, 50% used [0x00000000c0000000,0x00000000c4596070,0x00000000c8a80000)
 Metaspace       used 93482K, capacity 101470K, committed 101632K, reserved 1138688K
  class space    used 11569K, capacity 12930K, committed 13056K, reserved 1048576K
GC Heap History (10 events):
Event: 11957.488 GC heap before
{Heap before GC invocations=52 (full 4):
 PSYoungGen      total 272384K, used 271249K [0x00000000eab00000, 0x00000000ffb00000, 0x0000000100000000)
  eden space 248832K, 99% used [0x00000000eab00000,0x00000000f9d4b500,0x00000000f9e00000)
  from space 23552K, 98% used [0x00000000f9e00000,0x00000000fb499020,0x00000000fb500000)
  to   space 47616K, 0% used [0x00000000fcc80000,0x00000000fcc80000,0x00000000ffb00000)
 ParOldGen       total 141824K, used 67650K [0x00000000c0000000, 0x00000000c8a80000, 0x00000000eab00000)
  object space 141824K, 47% used [0x00000000c0000000,0x00000000c4210ac8,0x00000000c8a80000)
 Metaspace       used 93281K, capacity 101066K, committed 101376K, reserved 1138688K
  class space    used 11543K, capacity 12898K, committed 13056K, reserved 1048576K
Event: 11957.834 GC heap after
Heap after GC invocations=52 (full 4):
 PSYoungGen      total 298496K, used 24405K [0x00000000eab00000, 0x0000000100000000, 0x0000000100000000)
  eden space 250880K, 0% used [0x00000000eab00000,0x00000000eab00000,0x00000000fa000000)
  from space 47616K, 51% used [0x00000000fcc80000,0x00000000fe4555c0,0x00000000ffb00000)
  to   space 45568K, 0% used [0x00000000fa000000,0x00000000fa000000,0x00000000fcc80000)
 ParOldGen       total 141824K, used 67650K [0x00000000c0000000, 0x00000000c8a80000, 0x00000000eab00000)
  object space 141824K, 47% used [0x00000000c0000000,0x00000000c4210ac8,0x00000000c8a80000)
 Metaspace       used 93281K, capacity 101066K, committed 101376K, reserved 1138688K
  class space    used 11543K, capacity 12898K, committed 13056K, reserved 1048576K
}
Event: 11960.703 GC heap before
{Heap before GC invocations=53 (full 4):
 PSYoungGen      total 298496K, used 275162K [0x00000000eab00000, 0x0000000100000000, 0x0000000100000000)
  eden space 250880K, 99% used [0x00000000eab00000,0x00000000f9fe12e8,0x00000000fa000000)
  from space 47616K, 51% used [0x00000000fcc80000,0x00000000fe4555c0,0x00000000ffb00000)
  to   space 45568K, 0% used [0x00000000fa000000,0x00000000fa000000,0x00000000fcc80000)
 ParOldGen       total 141824K, used 67650K [0x00000000c0000000, 0x00000000c8a80000, 0x00000000eab00000)
  object space 141824K, 47% used [0x00000000c0000000,0x00000000c4210ac8,0x00000000c8a80000)
 Metaspace       used 93295K, capacity 101066K, committed 101376K, reserved 1138688K
  class space    used 11543K, capacity 12898K, committed 13056K, reserved 1048576K
Event: 11960.980 GC heap after
Heap after GC invocations=53 (full 4):
 PSYoungGen      total 296448K, used 32578K [0x00000000eab00000, 0x0000000100000000, 0x0000000100000000)
  eden space 250880K, 0% used [0x00000000eab00000,0x00000000eab00000,0x00000000fa000000)
  from space 45568K, 71% used [0x00000000fa000000,0x00000000fbfd0858,0x00000000fcc80000)
  to   space 46592K, 0% used [0x00000000fd280000,0x00000000fd280000,0x0000000100000000)
 ParOldGen       total 141824K, used 67658K [0x00000000c0000000, 0x00000000c8a80000, 0x00000000eab00000)
  object space 141824K, 47% used [0x00000000c0000000,0x00000000c4212ac8,0x00000000c8a80000)
 Metaspace       used 93295K, capacity 101066K, committed 101376K, reserved 1138688K
  class space    used 11543K, capacity 12898K, committed 13056K, reserved 1048576K
}
Event: 11961.400 GC heap before
{Heap before GC invocations=54 (full 4):
 PSYoungGen      total 296448K, used 282662K [0x00000000eab00000, 0x0000000100000000, 0x0000000100000000)
  eden space 250880K, 99% used [0x00000000eab00000,0x00000000f9f38fc0,0x00000000fa000000)
  from space 45568K, 71% used [0x00000000fa000000,0x00000000fbfd0858,0x00000000fcc80000)
  to   space 46592K, 0% used [0x00000000fd280000,0x00000000fd280000,0x0000000100000000)
 ParOldGen       total 141824K, used 67658K [0x00000000c0000000, 0x00000000c8a80000, 0x00000000eab00000)
  object space 141824K, 47% used [0x00000000c0000000,0x00000000c4212ac8,0x00000000c8a80000)
 Metaspace       used 93295K, capacity 101066K, committed 101376K, reserved 1138688K
  class space    used 11543K, capacity 12898K, committed 13056K, reserved 1048576K
Event: 11961.630 GC heap after
Heap after GC invocations=54 (full 4):
 PSYoungGen      total 301568K, used 22110K [0x00000000eab00000, 0x00000000ffe00000, 0x0000000100000000)
  eden space 257024K, 0% used [0x00000000eab00000,0x00000000eab00000,0x00000000fa600000)
  from space 44544K, 49% used [0x00000000fd280000,0x00000000fe817858,0x00000000ffe00000)
  to   space 45056K, 0% used [0x00000000fa600000,0x00000000fa600000,0x00000000fd200000)
 ParOldGen       total 141824K, used 67666K [0x00000000c0000000, 0x00000000c8a80000, 0x00000000eab00000)
  object space 141824K, 47% used [0x00000000c0000000,0x00000000c4214ac8,0x00000000c8a80000)
 Metaspace       used 93295K, capacity 101066K, committed 101376K, reserved 1138688K
  class space    used 11543K, capacity 12898K, committed 13056K, reserved 1048576K
}
Event: 12375.038 GC heap before
{Heap before GC invocations=55 (full 4):
 PSYoungGen      total 301568K, used 279134K [0x00000000eab00000, 0x00000000ffe00000, 0x0000000100000000)
  eden space 257024K, 100% used [0x00000000eab00000,0x00000000fa600000,0x00000000fa600000)
  from space 44544K, 49% used [0x00000000fd280000,0x00000000fe817858,0x00000000ffe00000)
  to   space 45056K, 0% used [0x00000000fa600000,0x00000000fa600000,0x00000000fd200000)
 ParOldGen       total 141824K, used 67666K [0x00000000c0000000, 0x00000000c8a80000, 0x00000000eab00000)
  object space 141824K, 47% used [0x00000000c0000000,0x00000000c4214ac8,0x00000000c8a80000)
 Metaspace       used 93376K, capacity 101194K, committed 101376K, reserved 1138688K
  class space    used 11555K, capacity 12912K, committed 13056K, reserved 1048576K
Event: 12375.273 GC heap after
Heap after GC invocations=55 (full 4):
 PSYoungGen      total 302080K, used 20768K [0x00000000eab00000, 0x00000000ffd80000, 0x0000000100000000)
  eden space 257024K, 0% used [0x00000000eab00000,0x00000000eab00000,0x00000000fa600000)
  from space 45056K, 46% used [0x00000000fa600000,0x00000000fba482a0,0x00000000fd200000)
  to   space 43520K, 0% used [0x00000000fd300000,0x00000000fd300000,0x00000000ffd80000)
 ParOldGen       total 141824K, used 69511K [0x00000000c0000000, 0x00000000c8a80000, 0x00000000eab00000)
  object space 141824K, 49% used [0x00000000c0000000,0x00000000c43e1f40,0x00000000c8a80000)
 Metaspace       used 93376K, capacity 101194K, committed 101376K, reserved 1138688K
  class space    used 11555K, capacity 12912K, committed 13056K, reserved 1048576K
}
Event: 12701.990 GC heap before
{Heap before GC invocations=56 (full 4):
 PSYoungGen      total 302080K, used 277792K [0x00000000eab00000, 0x00000000ffd80000, 0x0000000100000000)
  eden space 257024K, 100% used [0x00000000eab00000,0x00000000fa600000,0x00000000fa600000)
  from space 45056K, 46% used [0x00000000fa600000,0x00000000fba482a0,0x00000000fd200000)
  to   space 43520K, 0% used [0x00000000fd300000,0x00000000fd300000,0x00000000ffd80000)
 ParOldGen       total 141824K, used 69511K [0x00000000c0000000, 0x00000000c8a80000, 0x00000000eab00000)
  object space 141824K, 49% used [0x00000000c0000000,0x00000000c43e1f40,0x00000000c8a80000)
 Metaspace       used 93461K, capacity 101406K, committed 101632K, reserved 1138688K
  class space    used 11569K, capacity 12930K, committed 13056K, reserved 1048576K
Event: 12702.095 GC heap after
Heap after GC invocations=56 (full 4):
 PSYoungGen      total 302592K, used 10248K [0x00000000eab00000, 0x00000000fff80000, 0x0000000100000000)
  eden space 259072K, 0% used [0x00000000eab00000,0x00000000eab00000,0x00000000fa800000)
  from space 43520K, 23% used [0x00000000fd300000,0x00000000fdd02080,0x00000000ffd80000)
  to   space 44032K, 0% used [0x00000000fa800000,0x00000000fa800000,0x00000000fd300000)
 ParOldGen       total 141824K, used 71256K [0x00000000c0000000, 0x00000000c8a80000, 0x00000000eab00000)
  object space 141824K, 50% used [0x00000000c0000000,0x00000000c4596070,0x00000000c8a80000)
 Metaspace       used 93461K, capacity 101406K, committed 101632K, reserved 1138688K
  class space    used 11569K, capacity 12930K, committed 13056K, reserved 1048576K
}

